<?xml version="1.0" encoding="UTF-8" standalone="no"?><testsuite errors="0" failures="0" name="CP01 - Validar peticiones GET y POST para inicio de sesion, apk, y archivos zip" skipped="0" tests="5" time="0.23" timestamp="2023-09-27 10:38:05"><testcase name="CP0101 - Obtener la endpoint del archivo apk para la descarga"/><testcase name="CP0102 - Obtener la endpoint de login con las credenciales de user y pass"/><testcase name="CP0103 - Obtener la endpoint para la transferencia de datos"/><testcase name="CP0104 - Obtener la endpoint para la transferencia de tracking individual"/><testcase name="CP0105 - Obtener la endpoint para la transferencia de tracking historico"/></testsuite>